# JRE version: 7.0_10-b18
# Java VM: Java HotSpot(TM) 64-Bit Server VM (23.6-b04 mixed mode bsd-amd64 compressed oops)
Heap
 PSYoungGen      total 260800K, used 166330K [0x000000015b8a0000, 0x0000000170210000, 0x0000000170df0000)
  eden space 188992K, 80% used [0x000000015b8a0000,0x0000000164d24b88,0x0000000167130000)
  from space 71808K, 19% used [0x000000016bbf0000,0x000000016c9d9d10,0x0000000170210000)
  to   space 74176K, 0% used [0x0000000167130000,0x0000000167130000,0x000000016b9a0000)
 ParOldGen       total 461632K, used 322397K [0x0000000130df0000, 0x000000014d0c0000, 0x000000015b8a0000)
  object space 461632K, 69% used [0x0000000130df0000,0x00000001448c7448,0x000000014d0c0000)
 PSPermGen       total 196416K, used 137210K [0x0000000110df0000, 0x000000011cdc0000, 0x0000000130df0000)
  object space 196416K, 69% used [0x0000000110df0000,0x00000001193ee818,0x000000011cdc0000)
GC Heap History (10 events):
Event: 323.248 GC heap before
{Heap before GC invocations=98 (full 5):
 PSYoungGen      total 258624K, used 218483K [0x000000015b8a0000, 0x0000000170df0000, 0x0000000170df0000)
  eden space 174784K, 100% used [0x000000015b8a0000,0x0000000166350000,0x0000000166350000)
  from space 83840K, 52% used [0x000000016b6d0000,0x000000016e17ce88,0x00000001708b0000)
  to   space 85504K, 0% used [0x0000000166350000,0x0000000166350000,0x000000016b6d0000)
 ParOldGen       total 311744K, used 282670K [0x0000000130df0000, 0x0000000143e60000, 0x000000015b8a0000)
  object space 311744K, 90% used [0x0000000130df0000,0x00000001421fb828,0x0000000143e60000)
 PSPermGen       total 148096K, used 136979K [0x0000000110df0000, 0x0000000119e90000, 0x0000000130df0000)
  object space 148096K, 92% used [0x0000000110df0000,0x00000001193b4da0,0x0000000119e90000)
Event: 323.541 GC heap after
Heap after GC invocations=98 (full 5):
 PSYoungGen      total 260288K, used 40355K [0x000000015b8a0000, 0x0000000170df0000, 0x0000000170df0000)
  eden space 174784K, 0% used [0x000000015b8a0000,0x000000015b8a0000,0x0000000166350000)
  from space 85504K, 47% used [0x0000000166350000,0x0000000168ab8f38,0x000000016b6d0000)
  to   space 85184K, 0% used [0x000000016bac0000,0x000000016bac0000,0x0000000170df0000)
 ParOldGen       total 325952K, used 325945K [0x0000000130df0000, 0x0000000144c40000, 0x000000015b8a0000)
  object space 325952K, 99% used [0x0000000130df0000,0x0000000144c3e418,0x0000000144c40000)
 PSPermGen       total 148096K, used 136979K [0x0000000110df0000, 0x0000000119e90000, 0x0000000130df0000)
  object space 148096K, 92% used [0x0000000110df0000,0x00000001193b4da0,0x0000000119e90000)
}
Event: 323.541 GC heap before
{Heap before GC invocations=99 (full 6):
 PSYoungGen      total 260288K, used 40355K [0x000000015b8a0000, 0x0000000170df0000, 0x0000000170df0000)
  eden space 174784K, 0% used [0x000000015b8a0000,0x000000015b8a0000,0x0000000166350000)
  from space 85504K, 47% used [0x0000000166350000,0x0000000168ab8f38,0x000000016b6d0000)
  to   space 85184K, 0% used [0x000000016bac0000,0x000000016bac0000,0x0000000170df0000)
 ParOldGen       total 325952K, used 325945K [0x0000000130df0000, 0x0000000144c40000, 0x000000015b8a0000)
  object space 325952K, 99% used [0x0000000130df0000,0x0000000144c3e418,0x0000000144c40000)
 PSPermGen       total 148096K, used 136979K [0x0000000110df0000, 0x0000000119e90000, 0x0000000130df0000)
  object space 148096K, 92% used [0x0000000110df0000,0x00000001193b4da0,0x0000000119e90000)
Event: 327.397 GC heap after
Heap after GC invocations=99 (full 6):
 PSYoungGen      total 260288K, used 0K [0x000000015b8a0000, 0x0000000170df0000, 0x0000000170df0000)
  eden space 174784K, 0% used [0x000000015b8a0000,0x000000015b8a0000,0x0000000166350000)
  from space 85504K, 0% used [0x0000000166350000,0x0000000166350000,0x000000016b6d0000)
  to   space 85184K, 0% used [0x000000016bac0000,0x000000016bac0000,0x0000000170df0000)
 ParOldGen       total 461632K, used 308204K [0x0000000130df0000, 0x000000014d0c0000, 0x000000015b8a0000)
  object space 461632K, 66% used [0x0000000130df0000,0x0000000143aeb2b8,0x000000014d0c0000)
 PSPermGen       total 196416K, used 136937K [0x0000000110df0000, 0x000000011cdc0000, 0x0000000130df0000)
  object space 196416K, 69% used [0x0000000110df0000,0x00000001193aa778,0x000000011cdc0000)
}
Event: 333.541 GC heap before
{Heap before GC invocations=100 (full 6):
 PSYoungGen      total 260288K, used 174515K [0x000000015b8a0000, 0x0000000170df0000, 0x0000000170df0000)
  eden space 174784K, 99% used [0x000000015b8a0000,0x000000016630cf78,0x0000000166350000)
  from space 85504K, 0% used [0x0000000166350000,0x0000000166350000,0x000000016b6d0000)
  to   space 85184K, 0% used [0x000000016bac0000,0x000000016bac0000,0x0000000170df0000)
 ParOldGen       total 461632K, used 308204K [0x0000000130df0000, 0x000000014d0c0000, 0x000000015b8a0000)
  object space 461632K, 66% used [0x0000000130df0000,0x0000000143aeb2b8,0x000000014d0c0000)
 PSPermGen       total 196416K, used 136950K [0x0000000110df0000, 0x000000011cdc0000, 0x0000000130df0000)
  object space 196416K, 69% used [0x0000000110df0000,0x00000001193adaf0,0x000000011cdc0000)
Event: 333.571 GC heap after
Heap after GC invocations=100 (full 6):
 PSYoungGen      total 258304K, used 7820K [0x000000015b8a0000, 0x0000000170860000, 0x0000000170df0000)
  eden space 178816K, 0% used [0x000000015b8a0000,0x000000015b8a0000,0x0000000166740000)
  from space 79488K, 9% used [0x000000016bac0000,0x000000016c263328,0x0000000170860000)
  to   space 82496K, 0% used [0x0000000166740000,0x0000000166740000,0x000000016b7d0000)
 ParOldGen       total 461632K, used 308204K [0x0000000130df0000, 0x000000014d0c0000, 0x000000015b8a0000)
  object space 461632K, 66% used [0x0000000130df0000,0x0000000143aeb2b8,0x000000014d0c0000)
 PSPermGen       total 196416K, used 136950K [0x0000000110df0000, 0x000000011cdc0000, 0x0000000130df0000)
  object space 196416K, 69% used [0x0000000110df0000,0x00000001193adaf0,0x000000011cdc0000)
}
Event: 334.106 GC heap before
{Heap before GC invocations=101 (full 6):
 PSYoungGen      total 258304K, used 183203K [0x000000015b8a0000, 0x0000000170860000, 0x0000000170df0000)
  eden space 178816K, 98% used [0x000000015b8a0000,0x00000001663e58e0,0x0000000166740000)
  from space 79488K, 9% used [0x000000016bac0000,0x000000016c263328,0x0000000170860000)
  to   space 82496K, 0% used [0x0000000166740000,0x0000000166740000,0x000000016b7d0000)
 ParOldGen       total 461632K, used 308204K [0x0000000130df0000, 0x000000014d0c0000, 0x000000015b8a0000)
  object space 461632K, 66% used [0x0000000130df0000,0x0000000143aeb2b8,0x000000014d0c0000)
 PSPermGen       total 196416K, used 137011K [0x0000000110df0000, 0x000000011cdc0000, 0x0000000130df0000)
  object space 196416K, 69% used [0x0000000110df0000,0x00000001193bcdf0,0x000000011cdc0000)
Event: 334.149 GC heap after
Heap after GC invocations=101 (full 6):
 PSYoungGen      total 261312K, used 16811K [0x000000015b8a0000, 0x0000000170820000, 0x0000000170df0000)
  eden space 178816K, 0% used [0x000000015b8a0000,0x000000015b8a0000,0x0000000166740000)
  from space 82496K, 20% used [0x0000000166740000,0x00000001677aadc0,0x000000016b7d0000)
  to   space 78016K, 0% used [0x000000016bbf0000,0x000000016bbf0000,0x0000000170820000)
 ParOldGen       total 461632K, used 313879K [0x0000000130df0000, 0x000000014d0c0000, 0x000000015b8a0000)
  object space 461632K, 67% used [0x0000000130df0000,0x0000000144075d68,0x000000014d0c0000)
 PSPermGen       total 196416K, used 137011K [0x0000000110df0000, 0x000000011cdc0000, 0x0000000130df0000)
  object space 196416K, 69% used [0x0000000110df0000,0x00000001193bcdf0,0x000000011cdc0000)
}
Event: 334.583 GC heap before
{Heap before GC invocations=102 (full 6):
 PSYoungGen      total 261312K, used 191031K [0x000000015b8a0000, 0x0000000170820000, 0x0000000170df0000)
  eden space 178816K, 97% used [0x000000015b8a0000,0x00000001662c3040,0x0000000166740000)
  from space 82496K, 20% used [0x0000000166740000,0x00000001677aadc0,0x000000016b7d0000)
  to   space 78016K, 0% used [0x000000016bbf0000,0x000000016bbf0000,0x0000000170820000)
 ParOldGen       total 461632K, used 313879K [0x0000000130df0000, 0x000000014d0c0000, 0x000000015b8a0000)
  object space 461632K, 67% used [0x0000000130df0000,0x0000000144075d68,0x000000014d0c0000)
 PSPermGen       total 196416K, used 137020K [0x0000000110df0000, 0x000000011cdc0000, 0x0000000130df0000)
  object space 196416K, 69% used [0x0000000110df0000,0x00000001193bf390,0x000000011cdc0000)
Event: 334.603 GC heap after
Heap after GC invocations=102 (full 6):
 PSYoungGen      total 260800K, used 14247K [0x000000015b8a0000, 0x0000000170210000, 0x0000000170df0000)
  eden space 188992K, 0% used [0x000000015b8a0000,0x000000015b8a0000,0x0000000167130000)
  from space 71808K, 19% used [0x000000016bbf0000,0x000000016c9d9d10,0x0000000170210000)
  to   space 74176K, 0% used [0x0000000167130000,0x0000000167130000,0x000000016b9a0000)
 ParOldGen       total 461632K, used 322397K [0x0000000130df0000, 0x000000014d0c0000, 0x000000015b8a0000)
  object space 461632K, 69% used [0x0000000130df0000,0x00000001448c7448,0x000000014d0c0000)
 PSPermGen       total 196416K, used 137020K [0x0000000110df0000, 0x000000011cdc0000, 0x0000000130df0000)
  object space 196416K, 69% used [0x0000000110df0000,0x00000001193bf390,0x000000011cdc0000)
}

