# JRE version: 7.0_10-b18
# Java VM: Java HotSpot(TM) 64-Bit Server VM (23.6-b04 mixed mode bsd-amd64 compressed oops)
Heap
 PSYoungGen      total 250624K, used 6140K [0x000000015b530000, 0x0000000170480000, 0x0000000170a80000)
  eden space 165120K, 1% used [0x000000015b530000,0x000000015b7ab610,0x0000000165670000)
  from space 85504K, 4% used [0x0000000165670000,0x00000001659f3d70,0x000000016a9f0000)
  to   space 82752K, 0% used [0x000000016b3b0000,0x000000016b3b0000,0x0000000170480000)
 ParOldGen       total 449408K, used 325489K [0x0000000130a80000, 0x000000014c160000, 0x000000015b530000)
  object space 449408K, 72% used [0x0000000130a80000,0x000000014485c438,0x000000014c160000)
 PSPermGen       total 179392K, used 132731K [0x0000000110a80000, 0x000000011b9b0000, 0x0000000130a80000)
  object space 179392K, 73% used [0x0000000110a80000,0x0000000118c1ef50,0x000000011b9b0000)
GC Heap History (10 events):
Event: 385.193 GC heap before
{Heap before GC invocations=109 (full 6):
 PSYoungGen      total 247552K, used 6752K [0x000000015b530000, 0x0000000170a80000, 0x0000000170a80000)
  eden space 145600K, 0% used [0x000000015b530000,0x000000015b530000,0x0000000164360000)
  from space 101952K, 6% used [0x0000000164360000,0x00000001649f8020,0x000000016a6f0000)
  to   space 98688K, 0% used [0x000000016aa20000,0x000000016aa20000,0x0000000170a80000)
 ParOldGen       total 328512K, used 303945K [0x0000000130a80000, 0x0000000144b50000, 0x000000015b530000)
  object space 328512K, 92% used [0x0000000130a80000,0x00000001433526d0,0x0000000144b50000)
 PSPermGen       total 174656K, used 132464K [0x0000000110a80000, 0x000000011b510000, 0x0000000130a80000)
  object space 174656K, 75% used [0x0000000110a80000,0x0000000118bdc098,0x000000011b510000)
Event: 388.300 GC heap after
Heap after GC invocations=109 (full 6):
 PSYoungGen      total 247552K, used 0K [0x000000015b530000, 0x0000000170a80000, 0x0000000170a80000)
  eden space 145600K, 0% used [0x000000015b530000,0x000000015b530000,0x0000000164360000)
  from space 101952K, 0% used [0x0000000164360000,0x0000000164360000,0x000000016a6f0000)
  to   space 98688K, 0% used [0x000000016aa20000,0x000000016aa20000,0x0000000170a80000)
 ParOldGen       total 449408K, used 304045K [0x0000000130a80000, 0x000000014c160000, 0x000000015b530000)
  object space 449408K, 67% used [0x0000000130a80000,0x000000014336b5e0,0x000000014c160000)
 PSPermGen       total 179392K, used 132461K [0x0000000110a80000, 0x000000011b9b0000, 0x0000000130a80000)
  object space 179392K, 73% used [0x0000000110a80000,0x0000000118bdb6f0,0x000000011b9b0000)
}
Event: 391.625 GC heap before
{Heap before GC invocations=110 (full 6):
 PSYoungGen      total 247552K, used 145600K [0x000000015b530000, 0x0000000170a80000, 0x0000000170a80000)
  eden space 145600K, 100% used [0x000000015b530000,0x0000000164360000,0x0000000164360000)
  from space 101952K, 0% used [0x0000000164360000,0x0000000164360000,0x000000016a6f0000)
  to   space 98688K, 0% used [0x000000016aa20000,0x000000016aa20000,0x0000000170a80000)
 ParOldGen       total 449408K, used 304045K [0x0000000130a80000, 0x000000014c160000, 0x000000015b530000)
  object space 449408K, 67% used [0x0000000130a80000,0x000000014336b5e0,0x000000014c160000)
 PSPermGen       total 179392K, used 132528K [0x0000000110a80000, 0x000000011b9b0000, 0x0000000130a80000)
  object space 179392K, 73% used [0x0000000110a80000,0x0000000118bec3d8,0x000000011b9b0000)
Event: 391.651 GC heap after
Heap after GC invocations=110 (full 6):
 PSYoungGen      total 232256K, used 21478K [0x000000015b530000, 0x000000016fb90000, 0x0000000170a80000)
  eden space 148864K, 0% used [0x000000015b530000,0x000000015b530000,0x0000000164690000)
  from space 83392K, 25% used [0x000000016aa20000,0x000000016bf198e8,0x000000016fb90000)
  to   space 92672K, 0% used [0x0000000164690000,0x0000000164690000,0x000000016a110000)
 ParOldGen       total 449408K, used 304045K [0x0000000130a80000, 0x000000014c160000, 0x000000015b530000)
  object space 449408K, 67% used [0x0000000130a80000,0x000000014336b5e0,0x000000014c160000)
 PSPermGen       total 179392K, used 132528K [0x0000000110a80000, 0x000000011b9b0000, 0x0000000130a80000)
  object space 179392K, 73% used [0x0000000110a80000,0x0000000118bec3d8,0x000000011b9b0000)
}
Event: 391.884 GC heap before
{Heap before GC invocations=111 (full 6):
 PSYoungGen      total 232256K, used 167829K [0x000000015b530000, 0x000000016fb90000, 0x0000000170a80000)
  eden space 148864K, 98% used [0x000000015b530000,0x000000016441bd00,0x0000000164690000)
  from space 83392K, 25% used [0x000000016aa20000,0x000000016bf198e8,0x000000016fb90000)
  to   space 92672K, 0% used [0x0000000164690000,0x0000000164690000,0x000000016a110000)
 ParOldGen       total 449408K, used 304045K [0x0000000130a80000, 0x000000014c160000, 0x000000015b530000)
  object space 449408K, 67% used [0x0000000130a80000,0x000000014336b5e0,0x000000014c160000)
 PSPermGen       total 179392K, used 132533K [0x0000000110a80000, 0x000000011b9b0000, 0x0000000130a80000)
  object space 179392K, 73% used [0x0000000110a80000,0x0000000118bed6e0,0x000000011b9b0000)
Event: 391.915 GC heap after
Heap after GC invocations=111 (full 6):
 PSYoungGen      total 241536K, used 21467K [0x000000015b530000, 0x000000016fef0000, 0x0000000170a80000)
  eden space 148864K, 0% used [0x000000015b530000,0x000000015b530000,0x0000000164690000)
  from space 92672K, 23% used [0x0000000164690000,0x0000000165b86e00,0x000000016a110000)
  to   space 87040K, 0% used [0x000000016a9f0000,0x000000016a9f0000,0x000000016fef0000)
 ParOldGen       total 449408K, used 304045K [0x0000000130a80000, 0x000000014c160000, 0x000000015b530000)
  object space 449408K, 67% used [0x0000000130a80000,0x000000014336b5e0,0x000000014c160000)
 PSPermGen       total 179392K, used 132533K [0x0000000110a80000, 0x000000011b9b0000, 0x0000000130a80000)
  object space 179392K, 73% used [0x0000000110a80000,0x0000000118bed6e0,0x000000011b9b0000)
}
Event: 392.144 GC heap before
{Heap before GC invocations=112 (full 6):
 PSYoungGen      total 241536K, used 168167K [0x000000015b530000, 0x000000016fef0000, 0x0000000170a80000)
  eden space 148864K, 98% used [0x000000015b530000,0x0000000164472fd8,0x0000000164690000)
  from space 92672K, 23% used [0x0000000164690000,0x0000000165b86e00,0x000000016a110000)
  to   space 87040K, 0% used [0x000000016a9f0000,0x000000016a9f0000,0x000000016fef0000)
 ParOldGen       total 449408K, used 304045K [0x0000000130a80000, 0x000000014c160000, 0x000000015b530000)
  object space 449408K, 67% used [0x0000000130a80000,0x000000014336b5e0,0x000000014c160000)
 PSPermGen       total 179392K, used 132540K [0x0000000110a80000, 0x000000011b9b0000, 0x0000000130a80000)
  object space 179392K, 73% used [0x0000000110a80000,0x0000000118bef3e0,0x000000011b9b0000)
Event: 392.193 GC heap after
Heap after GC invocations=112 (full 6):
 PSYoungGen      total 251264K, used 96K [0x000000015b530000, 0x000000016fe10000, 0x0000000170a80000)
  eden space 165120K, 0% used [0x000000015b530000,0x000000015b530000,0x0000000165670000)
  from space 86144K, 0% used [0x000000016a9f0000,0x000000016aa08000,0x000000016fe10000)
  to   space 85504K, 0% used [0x0000000165670000,0x0000000165670000,0x000000016a9f0000)
 ParOldGen       total 449408K, used 325449K [0x0000000130a80000, 0x000000014c160000, 0x000000015b530000)
  object space 449408K, 72% used [0x0000000130a80000,0x0000000144852438,0x000000014c160000)
 PSPermGen       total 179392K, used 132540K [0x0000000110a80000, 0x000000011b9b0000, 0x0000000130a80000)
  object space 179392K, 73% used [0x0000000110a80000,0x0000000118bef3e0,0x000000011b9b0000)
}
Event: 393.966 GC heap before
{Heap before GC invocations=113 (full 6):
 PSYoungGen      total 251264K, used 165216K [0x000000015b530000, 0x000000016fe10000, 0x0000000170a80000)
  eden space 165120K, 100% used [0x000000015b530000,0x0000000165670000,0x0000000165670000)
  from space 86144K, 0% used [0x000000016a9f0000,0x000000016aa08000,0x000000016fe10000)
  to   space 85504K, 0% used [0x0000000165670000,0x0000000165670000,0x000000016a9f0000)
 ParOldGen       total 449408K, used 325449K [0x0000000130a80000, 0x000000014c160000, 0x000000015b530000)
  object space 449408K, 72% used [0x0000000130a80000,0x0000000144852438,0x000000014c160000)
 PSPermGen       total 179392K, used 132725K [0x0000000110a80000, 0x000000011b9b0000, 0x0000000130a80000)
  object space 179392K, 73% used [0x0000000110a80000,0x0000000118c1d610,0x000000011b9b0000)
Event: 393.992 GC heap after
Heap after GC invocations=113 (full 6):
 PSYoungGen      total 250624K, used 3599K [0x000000015b530000, 0x0000000170480000, 0x0000000170a80000)
  eden space 165120K, 0% used [0x000000015b530000,0x000000015b530000,0x0000000165670000)
  from space 85504K, 4% used [0x0000000165670000,0x00000001659f3d70,0x000000016a9f0000)
  to   space 82752K, 0% used [0x000000016b3b0000,0x000000016b3b0000,0x0000000170480000)
 ParOldGen       total 449408K, used 325489K [0x0000000130a80000, 0x000000014c160000, 0x000000015b530000)
  object space 449408K, 72% used [0x0000000130a80000,0x000000014485c438,0x000000014c160000)
 PSPermGen       total 179392K, used 132725K [0x0000000110a80000, 0x000000011b9b0000, 0x0000000130a80000)
  object space 179392K, 73% used [0x0000000110a80000,0x0000000118c1d610,0x000000011b9b0000)
}

