# JRE version: 7.0_10-b18
# Java VM: Java HotSpot(TM) 64-Bit Server VM (23.6-b04 mixed mode bsd-amd64 compressed oops)
Heap
 PSYoungGen      total 158400K, used 101193K [0x000000013d310000, 0x0000000147d30000, 0x0000000154bb0000)
  eden space 143936K, 62% used [0x000000013d310000,0x0000000142b45a38,0x0000000145fa0000)
  from space 14464K, 75% used [0x0000000146e30000,0x00000001478ccc70,0x0000000147c50000)
  to   space 14912K, 0% used [0x0000000145fa0000,0x0000000145fa0000,0x0000000146e30000)
 ParOldGen       total 48192K, used 26826K [0x000000010e1b0000, 0x00000001110c0000, 0x000000013d310000)
  object space 48192K, 55% used [0x000000010e1b0000,0x000000010fbe2850,0x00000001110c0000)
 PSPermGen       total 21248K, used 14888K [0x0000000108fb0000, 0x000000010a470000, 0x000000010e1b0000)
  object space 21248K, 70% used [0x0000000108fb0000,0x0000000109e3a288,0x000000010a470000)
GC Heap History (10 events):
Event: 0.956 GC heap before
{Heap before GC invocations=2 (full 0):
 PSYoungGen      total 21056K, used 21041K [0x000000013d310000, 0x000000013fc30000, 0x0000000154bb0000)
  eden space 18048K, 100% used [0x000000013d310000,0x000000013e4b0000,0x000000013e4b0000)
  from space 3008K, 99% used [0x000000013e4b0000,0x000000013e79c470,0x000000013e7a0000)
  to   space 3008K, 0% used [0x000000013f940000,0x000000013f940000,0x000000013fc30000)
 ParOldGen       total 48192K, used 1526K [0x000000010e1b0000, 0x00000001110c0000, 0x000000013d310000)
  object space 48192K, 3% used [0x000000010e1b0000,0x000000010e32da70,0x00000001110c0000)
 PSPermGen       total 21248K, used 8530K [0x0000000108fb0000, 0x000000010a470000, 0x000000010e1b0000)
  object space 21248K, 40% used [0x0000000108fb0000,0x0000000109804b80,0x000000010a470000)
Event: 0.964 GC heap after
Heap after GC invocations=2 (full 0):
 PSYoungGen      total 39104K, used 2976K [0x000000013d310000, 0x000000013fc30000, 0x0000000154bb0000)
  eden space 36096K, 0% used [0x000000013d310000,0x000000013d310000,0x000000013f650000)
  from space 3008K, 98% used [0x000000013f940000,0x000000013fc28020,0x000000013fc30000)
  to   space 3008K, 0% used [0x000000013f650000,0x000000013f650000,0x000000013f940000)
 ParOldGen       total 48192K, used 4382K [0x000000010e1b0000, 0x00000001110c0000, 0x000000013d310000)
  object space 48192K, 9% used [0x000000010e1b0000,0x000000010e5f7a48,0x00000001110c0000)
 PSPermGen       total 21248K, used 8530K [0x0000000108fb0000, 0x000000010a470000, 0x000000010e1b0000)
  object space 21248K, 40% used [0x0000000108fb0000,0x0000000109804b80,0x000000010a470000)
}
Event: 1.204 GC heap before
{Heap before GC invocations=3 (full 0):
 PSYoungGen      total 39104K, used 39072K [0x000000013d310000, 0x000000013fc30000, 0x0000000154bb0000)
  eden space 36096K, 100% used [0x000000013d310000,0x000000013f650000,0x000000013f650000)
  from space 3008K, 98% used [0x000000013f940000,0x000000013fc28020,0x000000013fc30000)
  to   space 3008K, 0% used [0x000000013f650000,0x000000013f650000,0x000000013f940000)
 ParOldGen       total 48192K, used 4382K [0x000000010e1b0000, 0x00000001110c0000, 0x000000013d310000)
  object space 48192K, 9% used [0x000000010e1b0000,0x000000010e5f7a48,0x00000001110c0000)
 PSPermGen       total 21248K, used 8571K [0x0000000108fb0000, 0x000000010a470000, 0x000000010e1b0000)
  object space 21248K, 40% used [0x0000000108fb0000,0x000000010980ee50,0x000000010a470000)
Event: 1.215 GC heap after
Heap after GC invocations=3 (full 0):
 PSYoungGen      total 39104K, used 3008K [0x000000013d310000, 0x0000000141f70000, 0x0000000154bb0000)
  eden space 36096K, 0% used [0x000000013d310000,0x000000013d310000,0x000000013f650000)
  from space 3008K, 100% used [0x000000013f650000,0x000000013f940000,0x000000013f940000)
  to   space 3008K, 0% used [0x0000000141c80000,0x0000000141c80000,0x0000000141f70000)
 ParOldGen       total 48192K, used 10764K [0x000000010e1b0000, 0x00000001110c0000, 0x000000013d310000)
  object space 48192K, 22% used [0x000000010e1b0000,0x000000010ec33068,0x00000001110c0000)
 PSPermGen       total 21248K, used 8571K [0x0000000108fb0000, 0x000000010a470000, 0x000000010e1b0000)
  object space 21248K, 40% used [0x0000000108fb0000,0x000000010980ee50,0x000000010a470000)
}
Event: 1.373 GC heap before
{Heap before GC invocations=4 (full 0):
 PSYoungGen      total 39104K, used 39104K [0x000000013d310000, 0x0000000141f70000, 0x0000000154bb0000)
  eden space 36096K, 100% used [0x000000013d310000,0x000000013f650000,0x000000013f650000)
  from space 3008K, 100% used [0x000000013f650000,0x000000013f940000,0x000000013f940000)
  to   space 3008K, 0% used [0x0000000141c80000,0x0000000141c80000,0x0000000141f70000)
 ParOldGen       total 48192K, used 10764K [0x000000010e1b0000, 0x00000001110c0000, 0x000000013d310000)
  object space 48192K, 22% used [0x000000010e1b0000,0x000000010ec33068,0x00000001110c0000)
 PSPermGen       total 21248K, used 8587K [0x0000000108fb0000, 0x000000010a470000, 0x000000010e1b0000)
  object space 21248K, 40% used [0x0000000108fb0000,0x0000000109812d48,0x000000010a470000)
Event: 1.383 GC heap after
Heap after GC invocations=4 (full 0):
 PSYoungGen      total 75200K, used 2996K [0x000000013d310000, 0x0000000141f70000, 0x0000000154bb0000)
  eden space 72192K, 0% used [0x000000013d310000,0x000000013d310000,0x0000000141990000)
  from space 3008K, 99% used [0x0000000141c80000,0x0000000141f6d0e8,0x0000000141f70000)
  to   space 3008K, 0% used [0x0000000141990000,0x0000000141990000,0x0000000141c80000)
 ParOldGen       total 48192K, used 15879K [0x000000010e1b0000, 0x00000001110c0000, 0x000000013d310000)
  object space 48192K, 32% used [0x000000010e1b0000,0x000000010f131df0,0x00000001110c0000)
 PSPermGen       total 21248K, used 8587K [0x0000000108fb0000, 0x000000010a470000, 0x000000010e1b0000)
  object space 21248K, 40% used [0x0000000108fb0000,0x0000000109812d48,0x000000010a470000)
}
Event: 2.929 GC heap before
{Heap before GC invocations=5 (full 0):
 PSYoungGen      total 75200K, used 75188K [0x000000013d310000, 0x0000000141f70000, 0x0000000154bb0000)
  eden space 72192K, 100% used [0x000000013d310000,0x0000000141990000,0x0000000141990000)
  from space 3008K, 99% used [0x0000000141c80000,0x0000000141f6d0e8,0x0000000141f70000)
  to   space 3008K, 0% used [0x0000000141990000,0x0000000141990000,0x0000000141c80000)
 ParOldGen       total 48192K, used 15879K [0x000000010e1b0000, 0x00000001110c0000, 0x000000013d310000)
  object space 48192K, 32% used [0x000000010e1b0000,0x000000010f131df0,0x00000001110c0000)
 PSPermGen       total 21248K, used 11362K [0x0000000108fb0000, 0x000000010a470000, 0x000000010e1b0000)
  object space 21248K, 53% used [0x0000000108fb0000,0x0000000109ac8810,0x000000010a470000)
Event: 2.948 GC heap after
Heap after GC invocations=5 (full 0):
 PSYoungGen      total 75200K, used 2976K [0x000000013d310000, 0x0000000147c50000, 0x0000000154bb0000)
  eden space 72192K, 0% used [0x000000013d310000,0x000000013d310000,0x0000000141990000)
  from space 3008K, 98% used [0x0000000141990000,0x0000000141c78030,0x0000000141c80000)
  to   space 14464K, 0% used [0x0000000146e30000,0x0000000146e30000,0x0000000147c50000)
 ParOldGen       total 48192K, used 26826K [0x000000010e1b0000, 0x00000001110c0000, 0x000000013d310000)
  object space 48192K, 55% used [0x000000010e1b0000,0x000000010fbe2850,0x00000001110c0000)
 PSPermGen       total 21248K, used 11362K [0x0000000108fb0000, 0x000000010a470000, 0x000000010e1b0000)
  object space 21248K, 53% used [0x0000000108fb0000,0x0000000109ac8810,0x000000010a470000)
}
Event: 3.418 GC heap before
{Heap before GC invocations=6 (full 0):
 PSYoungGen      total 75200K, used 75168K [0x000000013d310000, 0x0000000147c50000, 0x0000000154bb0000)
  eden space 72192K, 100% used [0x000000013d310000,0x0000000141990000,0x0000000141990000)
  from space 3008K, 98% used [0x0000000141990000,0x0000000141c78030,0x0000000141c80000)
  to   space 14464K, 0% used [0x0000000146e30000,0x0000000146e30000,0x0000000147c50000)
 ParOldGen       total 48192K, used 26826K [0x000000010e1b0000, 0x00000001110c0000, 0x000000013d310000)
  object space 48192K, 55% used [0x000000010e1b0000,0x000000010fbe2850,0x00000001110c0000)
 PSPermGen       total 21248K, used 12000K [0x0000000108fb0000, 0x000000010a470000, 0x000000010e1b0000)
  object space 21248K, 56% used [0x0000000108fb0000,0x0000000109b680e0,0x000000010a470000)
Event: 3.432 GC heap after
Heap after GC invocations=6 (full 0):
 PSYoungGen      total 158400K, used 10867K [0x000000013d310000, 0x0000000147d30000, 0x0000000154bb0000)
  eden space 143936K, 0% used [0x000000013d310000,0x000000013d310000,0x0000000145fa0000)
  from space 14464K, 75% used [0x0000000146e30000,0x00000001478ccc70,0x0000000147c50000)
  to   space 14912K, 0% used [0x0000000145fa0000,0x0000000145fa0000,0x0000000146e30000)
 ParOldGen       total 48192K, used 26826K [0x000000010e1b0000, 0x00000001110c0000, 0x000000013d310000)
  object space 48192K, 55% used [0x000000010e1b0000,0x000000010fbe2850,0x00000001110c0000)
 PSPermGen       total 21248K, used 12000K [0x0000000108fb0000, 0x000000010a470000, 0x000000010e1b0000)
  object space 21248K, 56% used [0x0000000108fb0000,0x0000000109b680e0,0x000000010a470000)
}

